ezcanvas/build/intermediates/manifest_merge_blame_file/debug/processDebugManifest/manifest-merger-blame-debug-report.txt
1<?xml version="1.0" encoding="utf-8"?>
2<manifest xmlns:android="http://schemas.android.com/apk/res/android"
3    package="com.ezcanvas" >
4
5    <uses-sdk android:minSdkVersion="28" />
5-->INJECTED
5-->INJECTED
6
7    <application>
7-->src\main\AndroidManifest.xml:4:5-15:19
8
9        <!-- Bundled with the library so consumers get export/share with zero setup. -->
10        <provider
10-->src\main\AndroidManifest.xml:6:9-14:20
11            android:name="androidx.core.content.FileProvider"
11-->src\main\AndroidManifest.xml:7:13-62
12            android:authorities="${applicationId}.ezcanvas.fileprovider"
12-->src\main\AndroidManifest.xml:8:13-73
13            android:exported="false"
13-->src\main\AndroidManifest.xml:9:13-37
14            android:grantUriPermissions="true" >
14-->src\main\AndroidManifest.xml:10:13-47
15            <meta-data
15-->src\main\AndroidManifest.xml:11:13-13:63
16                android:name="android.support.FILE_PROVIDER_PATHS"
16-->src\main\AndroidManifest.xml:12:17-67
17                android:resource="@xml/ezcanvas_file_paths" />
17-->src\main\AndroidManifest.xml:13:17-60
18        </provider>
19    </application>
20
21</manifest>